<?xml version="1.0" encoding="UTF-8"?>
<!-- Generated by org.testng.reporters.JUnitReportReporter -->
<testsuite skipped="0" hostname="LAPTOP-LFK4DCEU" name="programs.HelloWorld" tests="1" failures="0" timestamp="21 Mar 2023 20:17:21 GMT" time="6.342" errors="0">
  <testcase name="sampleTest" time="6.342" classname="programs.HelloWorld"/>
</testsuite> <!-- programs.HelloWorld -->
